<?xml version="1.0" encoding="UTF-8"?>
<!-- Generated by org.testng.reporters.JUnitReportReporter -->
<testsuite skipped="0" hostname="CS-MANJOT-LT" name="TestCases.ApiDemosAppRunner" tests="2" failures="0" timestamp="2020-09-23T00:24:45 PDT" time="65.521" errors="0">
  <testcase name="ApiDemosBasicClick2" time="18.710" classname="TestCases.ApiDemosAppRunner"/>
  <system-out/>
  <testcase name="ApiDemosBasicClick" time="46.811" classname="TestCases.ApiDemosAppRunner"/>
  <system-out/>
</testsuite> <!-- TestCases.ApiDemosAppRunner -->
