<?xml version="1.0" encoding="UTF-8"?>
<!-- Generated by org.testng.reporters.JUnitReportReporter -->
<testsuite skipped="0" hostname="CS-MANJOT-LT" name="TestCases.TestRunner" tests="1" failures="0" timestamp="2020-09-20T11:24:48 PDT" time="12.141" errors="0">
  <testcase name="RunGeneralStore" time="12.141" classname="TestCases.TestRunner"/>
  <system-out/>
</testsuite> <!-- TestCases.TestRunner -->
