<?xml version="1.0" encoding="UTF-8"?>
<!-- Generated by org.testng.reporters.JUnitReportReporter -->
<testsuite skipped="0" hostname="CS-MANJOT-LT" name="TestCases.GeneralStoreAppRunner" tests="5" failures="0" timestamp="2020-09-23T00:24:45 PDT" time="163.507" errors="0">
  <testcase name="StoreClickGender" time="21.435" classname="TestCases.GeneralStoreAppRunner"/>
  <system-out/>
  <testcase name="StoreEnterName" time="31.888" classname="TestCases.GeneralStoreAppRunner"/>
  <system-out/>
  <testcase name="StoreEnterName" time="23.626" classname="TestCases.GeneralStoreAppRunner"/>
  <system-out/>
  <testcase name="StoreEnterName" time="21.972" classname="TestCases.GeneralStoreAppRunner"/>
  <system-out/>
  <testcase name="RunGeneralStore" time="64.586" classname="TestCases.GeneralStoreAppRunner"/>
  <system-out/>
</testsuite> <!-- TestCases.GeneralStoreAppRunner -->
