<?xml version="1.0" encoding="UTF-8"?>
<!-- Generated by org.testng.reporters.JUnitReportReporter -->
<testsuite skipped="0" hostname="CS-MANJOT-LT" name="TestCases.WebAppTestRunner" tests="1" failures="0" timestamp="2020-09-22T11:54:31 PDT" time="19.952" errors="0">
  <testcase name="WebTesting" time="19.952" classname="TestCases.WebAppTestRunner"/>
  <system-out/>
</testsuite> <!-- TestCases.WebAppTestRunner -->
