<?xml version="1.0" encoding="UTF-8"?>
<!-- Generated by org.testng.reporters.JUnitReportReporter -->
<testsuite skipped="0" hostname="CS-MANJOT-LT" name="TestCases.WebAppRunner" tests="1" failures="0" timestamp="2020-09-23T00:24:45 PDT" time="25.683" errors="0">
  <testcase name="WebTesting" time="25.683" classname="TestCases.WebAppRunner"/>
  <system-out/>
</testsuite> <!-- TestCases.WebAppRunner -->
