<?xml version="1.0" encoding="UTF-8"?>
<!-- Generated by org.testng.reporters.JUnitReportReporter -->
<testsuite skipped="0" hostname="CS-MANJOT-LT" name="TestCases.ApiDemosAppTestRunner" tests="2" failures="0" timestamp="2020-09-22T11:54:31 PDT" time="97.012" errors="0">
  <testcase name="ApiDemosBasicClick2" time="16.826" classname="TestCases.ApiDemosAppTestRunner"/>
  <system-out/>
  <testcase name="ApiDemosBasicClick" time="80.186" classname="TestCases.ApiDemosAppTestRunner"/>
  <system-out/>
</testsuite> <!-- TestCases.ApiDemosAppTestRunner -->
