<?xml version="1.0" encoding="UTF-8"?>
<!-- Generated by org.testng.reporters.JUnitReportReporter -->
<testsuite skipped="0" hostname="CS-MANJOT-LT" name="TestCases.GeneralStoreAppTestRunner" tests="5" failures="0" timestamp="2020-09-22T23:59:52 PDT" time="0.073" errors="0">
  <testcase name="StoreClickGender" time="0.065" classname="TestCases.GeneralStoreAppTestRunner"/>
  <system-out/>
  <testcase name="RunGeneralStore" time="0.002" classname="TestCases.GeneralStoreAppTestRunner"/>
  <system-out/>
  <testcase name="StoreEnterName" time="0.002" classname="TestCases.GeneralStoreAppTestRunner"/>
  <system-out/>
  <testcase name="StoreEnterName" time="0.002" classname="TestCases.GeneralStoreAppTestRunner"/>
  <system-out/>
  <testcase name="StoreEnterName" time="0.002" classname="TestCases.GeneralStoreAppTestRunner"/>
  <system-out/>
</testsuite> <!-- TestCases.GeneralStoreAppTestRunner -->
